<?xml version="1.0" encoding="UTF-8"?>
<testng-results ignored="0" total="1" passed="1" failed="0" skipped="0">
  <reporter-output>
  </reporter-output>
  <suite started-at="2021-05-15T10:11:33 IST" name="Default suite" finished-at="2021-05-15T10:11:33 IST" duration-ms="80">
    <groups>
    </groups>
    <test started-at="2021-05-15T10:11:33 IST" name="Default test" finished-at="2021-05-15T10:11:33 IST" duration-ms="80">
      <class name="PragatiTraining.CICDDemo.AdditionTestCases">
        <test-method signature="testAddition()[pri:0, instance:PragatiTraining.CICDDemo.AdditionTestCases@68e5eea7]" started-at="2021-05-15T10:11:33 IST" name="testAddition" finished-at="2021-05-15T10:11:33 IST" duration-ms="16" status="PASS">
          <reporter-output>
          </reporter-output>
        </test-method> <!-- testAddition -->
      </class> <!-- PragatiTraining.CICDDemo.AdditionTestCases -->
    </test> <!-- Default test -->
  </suite> <!-- Default suite -->
</testng-results>
